============================= test session starts ==============================
platform linux -- Python 3.12.3, pytest-9.0.2, pluggy-1.6.0 -- /home/aarav/Unified-Dashboard/.venv_wsl2/bin/python3
cachedir: .pytest_cache
hypothesis profile 'default'
rootdir: /home/aarav/Tradingview/volgate-integration
plugins: asyncio-1.3.0, locust-2.43.0, dash-3.3.0, cov-7.0.0, playwright-0.7.2, mock-3.15.1, hypothesis-6.148.9, anyio-4.12.0, base-url-2.1.0
asyncio: mode=Mode.STRICT, debug=False, asyncio_default_fixture_loop_scope=None, asyncio_default_test_loop_scope=function
collecting ... collected 26 items

tests/test_adapter_predict.py::TestAdapterPredict::test_predict_returns_required_fields PASSED [  3%]
tests/test_adapter_predict.py::TestAdapterPredict::test_predict_signal_is_valid PASSED [  7%]
tests/test_adapter_predict.py::TestAdapterPredict::test_predict_exposure_in_range PASSED [ 11%]
tests/test_adapter_predict.py::TestAdapterPredict::test_predict_confidence_in_range PASSED [ 15%]
tests/test_adapter_predict.py::TestAdapterPredict::test_predict_is_deterministic PASSED [ 19%]
tests/test_adapter_predict.py::TestAdapterPredict::test_predict_symbol_matches_input PASSED [ 23%]
tests/test_adapter_predict.py::TestAdapterPredict::test_predict_timestamp_matches_input PASSED [ 26%]
tests/test_adapter_predict.py::TestAdapterPredict::test_predict_generates_snapshot_hash PASSED [ 30%]
tests/test_adapter_predict.py::TestAdapterPredict::test_high_volatility_reduces_exposure PASSED [ 34%]
tests/test_adapter_predict.py::TestAdapterPredict::test_low_volatility_strong_trend_increases_exposure PASSED [ 38%]
tests/test_adapter_predict.py::TestAdapterPredict::test_missing_decision_time_raises_error PASSED [ 42%]
tests/test_idempotency.py::TestIdempotency::test_same_plan_twice_creates_one_order PASSED [ 46%]
tests/test_idempotency.py::TestIdempotency::test_client_order_id_is_deterministic PASSED [ 50%]
tests/test_idempotency.py::TestIdempotency::test_different_dates_create_different_orders PASSED [ 53%]
tests/test_idempotency.py::TestIdempotency::test_different_plans_create_different_orders PASSED [ 57%]
tests/test_idempotency.py::TestIdempotency::test_idempotency_after_submission PASSED [ 61%]
tests/test_idempotency.py::TestIdempotency::test_idempotency_after_fill PASSED [ 65%]
tests/test_idempotency.py::TestIdempotency::test_client_order_id_format PASSED [ 69%]
tests/test_replay_integration.py::TestReplayIntegration::test_full_replay_day_flow PASSED [ 73%]
tests/test_replay_integration.py::TestReplayIntegration::test_replay_produces_actions_csv PASSED [ 76%]
tests/test_replay_integration.py::TestReplayIntegration::test_trade_plan_scheduled_for_t_plus_1 PASSED [ 80%]
tests/test_timestamp_causality.py::TestTimestampCausality::test_valid_snapshot_passes PASSED [ 84%]
tests/test_timestamp_causality.py::TestTimestampCausality::test_future_bar_raises_error PASSED [ 88%]
tests/test_timestamp_causality.py::TestTimestampCausality::test_future_bar_in_predict_raises_error PASSED [ 92%]
tests/test_timestamp_causality.py::TestTimestampCausality::test_exactly_at_decision_time_passes PASSED [ 96%]
tests/test_timestamp_causality.py::TestTimestampCausality::test_one_second_future_raises_error PASSED [100%]

============================== 26 passed in 0.28s ==============================
